<?xml version="1.0" encoding="UTF-8"?>
<!-- Generated by org.testng.reporters.JUnitReportReporter -->
<testsuite hostname="LAPTOP-SLPQU167" failures="0" tests="1" name="testNGPackage.GlobalEnvVraiblesSetup" time="12.000" errors="0" timestamp="2020-03-10T18:35:16 IST" skipped="0">
  <testcase classname="testNGPackage.GlobalEnvVraiblesSetup" name="loginsetup" time="12.000"/>
  <system-out/>
</testsuite> <!-- testNGPackage.GlobalEnvVraiblesSetup -->
