<?xml version="1.0" encoding="UTF-8"?>
<!-- Generated by org.testng.reporters.JUnitReportReporter -->
<testsuite hostname="LAPTOP-SLPQU167" failures="0" tests="1" name="testNGPackage.Day2" time="0.016" errors="0" timestamp="2020-03-10T14:08:41 IST" skipped="0">
  <testcase classname="testNGPackage.Day2" name="Demo3" time="0.016"/>
  <system-out/>
</testsuite> <!-- testNGPackage.Day2 -->
