<?xml version="1.0" encoding="UTF-8"?>
<!-- Generated by org.testng.reporters.JUnitReportReporter -->
<testsuite hostname="LAPTOP-SLPQU167" failures="0" tests="2" name="testNGPackage.Day1" time="10.830" errors="0" timestamp="2020-03-10T18:42:38 IST" skipped="0">
  <testcase classname="testNGPackage.Day1" name="Demo2" time="0.013"/>
  <system-out/>
  <testcase classname="testNGPackage.Day1" name="loginsetup" time="10.817"/>
  <system-out/>
</testsuite> <!-- testNGPackage.Day1 -->
