<?xml version="1.0" encoding="UTF-8"?>
<!-- Generated by org.testng.reporters.JUnitReportReporter -->
<testsuite hostname="LAPTOP-SLPQU167" failures="0" tests="7" name="testNGPackage.Day3" time="0.141" errors="0" timestamp="2020-03-10T14:08:41 IST" skipped="0">
  <testcase classname="testNGPackage.Day3" name="Prjct2Regression3" time="0.031"/>
  <system-out/>
  <testcase classname="testNGPackage.Day3" name="Prjct1Regression2" time="0.015"/>
  <system-out/>
  <testcase classname="testNGPackage.Day3" name="Prjct2Regression3" time="0.032"/>
  <system-out/>
  <testcase classname="testNGPackage.Day3" name="Prjct2Regression3" time="0.000"/>
  <system-out/>
  <testcase classname="testNGPackage.Day3" name="Prjct4Regression5" time="0.000"/>
  <system-out/>
  <testcase classname="testNGPackage.Day3" name="Prjct1Regression1" time="0.031"/>
  <system-out/>
  <testcase classname="testNGPackage.Day3" name="Prjct3Regression4" time="0.032"/>
  <system-out/>
</testsuite> <!-- testNGPackage.Day3 -->
